<?xml version="1.0" encoding="UTF-8"?>
<!-- Generated by org.testng.reporters.JUnitReportReporter -->
<testsuite hostname="vivekpasi-Lenovo-G50-80" name="com.inforcepro.app.logincheck" tests="2" failures="0" timestamp="17 Mar 2016 10:48:37 GMT" time="63.188" errors="0">
  <testcase name="checkingtestserverworking" time="51.019" classname="com.inforcepro.app.logincheck"/>
  <testcase name="Checkingloginworking" time="12.169" classname="com.inforcepro.app.logincheck"/>
</testsuite> <!-- com.inforcepro.app.logincheck -->
